<?xml version="1.0" encoding="UTF-8"?>
<coverage generated="1742242571791" clover="3.2.0">
  <project timestamp="1742242571792" name="All files">
    <metrics statements="44" coveredstatements="43" conditionals="14" coveredconditionals="12" methods="24" coveredmethods="22" elements="82" coveredelements="77" complexity="0" loc="44" ncloc="44" packages="2" files="3" classes="3"/>
    <package name="src">
      <metrics statements="5" coveredstatements="5" conditionals="4" coveredconditionals="4" methods="2" coveredmethods="2"/>
      <file name="App.js" path="C:\Users\PC\Desktop\group2\PROJECT-Task-scheduler\src\App.js">
        <metrics statements="5" coveredstatements="5" conditionals="4" coveredconditionals="4" methods="2" coveredmethods="2"/>
        <line num="7" count="1" type="stmt"/>
        <line num="19" count="4" type="stmt"/>
        <line num="21" count="4" type="stmt"/>
        <line num="22" count="1" type="stmt"/>
        <line num="25" count="4" type="stmt"/>
      </file>
    </package>
    <package name="src.components">
      <metrics statements="39" coveredstatements="38" conditionals="10" coveredconditionals="8" methods="22" coveredmethods="20"/>
      <file name="Login.js" path="C:\Users\PC\Desktop\group2\PROJECT-Task-scheduler\src\components\Login.js">
        <metrics statements="8" coveredstatements="8" conditionals="0" coveredconditionals="0" methods="4" coveredmethods="4"/>
        <line num="12" count="9" type="stmt"/>
        <line num="13" count="9" type="stmt"/>
        <line num="15" count="9" type="stmt"/>
        <line num="16" count="2" type="stmt"/>
        <line num="18" count="2" type="stmt"/>
        <line num="21" count="9" type="stmt"/>
        <line num="46" count="2" type="stmt"/>
        <line num="58" count="1" type="stmt"/>
      </file>
      <file name="TaskDashboard.js" path="C:\Users\PC\Desktop\group2\PROJECT-Task-scheduler\src\components\TaskDashboard.js">
        <metrics statements="31" coveredstatements="30" conditionals="10" coveredconditionals="8" methods="18" coveredmethods="16"/>
        <line num="26" count="2" type="stmt"/>
        <line num="34" count="35" type="stmt"/>
        <line num="35" count="35" type="stmt"/>
        <line num="36" count="35" type="stmt"/>
        <line num="37" count="35" type="stmt"/>
        <line num="39" count="35" type="stmt"/>
        <line num="40" count="8" type="cond" truecount="2" falsecount="0"/>
        <line num="41" count="7" type="stmt"/>
        <line num="42" count="7" type="stmt"/>
        <line num="46" count="35" type="stmt"/>
        <line num="47" count="1" type="stmt"/>
        <line num="50" count="35" type="stmt"/>
        <line num="51" count="5" type="stmt"/>
        <line num="52" count="5" type="cond" truecount="1" falsecount="1"/>
        <line num="53" count="5" type="stmt"/>
        <line num="54" count="5" type="stmt"/>
        <line num="58" count="35" type="stmt"/>
        <line num="59" count="1" type="stmt"/>
        <line num="61" count="1" type="cond" truecount="1" falsecount="1"/>
        <line num="64" count="1" type="stmt"/>
        <line num="65" count="1" type="stmt"/>
        <line num="68" count="35" type="stmt"/>
        <line num="81" count="8" type="stmt"/>
        <line num="82" count="2" type="cond" truecount="2" falsecount="0"/>
        <line num="97" count="15" type="stmt"/>
        <line num="103" count="5" type="stmt"/>
        <line num="110" count="1" type="stmt"/>
        <line num="122" count="1" type="stmt"/>
        <line num="123" count="0" type="stmt"/>
        <line num="136" count="1" type="stmt"/>
        <line num="141" count="1" type="stmt"/>
      </file>
    </package>
  </project>
</coverage>
