{"C:\\Users\\PC\\Desktop\\group2\\PROJECT-Task-scheduler\\src\\App.js": {"path":"C:\\Users\\PC\\Desktop\\group2\\PROJECT-Task-scheduler\\src\\App.js","statementMap":{"0":{"start":{"line":7,"column":14},"end":{"line":16,"column":2}},"1":{"start":{"line":19,"column":48},"end":{"line":19,"column":63}},"2":{"start":{"line":21,"column":22},"end":{"line":23,"column":3}},"3":{"start":{"line":22,"column":4},"end":{"line":22,"column":29}},"4":{"start":{"line":25,"column":2},"end":{"line":52,"column":4}}},"fnMap":{"0":{"name":"App","decl":{"start":{"line":18,"column":9},"end":{"line":18,"column":12}},"loc":{"start":{"line":18,"column":15},"end":{"line":53,"column":1}},"line":18},"1":{"name":"(anonymous_1)","decl":{"start":{"line":21,"column":22},"end":{"line":21,"column":23}},"loc":{"start":{"line":21,"column":36},"end":{"line":23,"column":3}},"line":21}},"branchMap":{"0":{"loc":{"start":{"line":32,"column":14},"end":{"line":36,"column":15}},"type":"cond-expr","locations":[{"start":{"line":33,"column":16},"end":{"line":33,"column":47}},{"start":{"line":35,"column":16},"end":{"line":35,"column":44}}],"line":32},"1":{"loc":{"start":{"line":42,"column":14},"end":{"line":46,"column":15}},"type":"cond-expr","locations":[{"start":{"line":43,"column":16},"end":{"line":43,"column":33}},{"start":{"line":45,"column":16},"end":{"line":45,"column":35}}],"line":42}},"s":{"0":1,"1":4,"2":4,"3":1,"4":4},"f":{"0":4,"1":1},"b":{"0":[3,1],"1":[1,3]},"_coverageSchema":"1a1c01bbd47fc00a2c39e90264f33305004495a9","hash":"34638bd7ef1558d21b696632b467af724739cabf"}
,"C:\\Users\\PC\\Desktop\\group2\\PROJECT-Task-scheduler\\src\\components\\Login.js": {"path":"C:\\Users\\PC\\Desktop\\group2\\PROJECT-Task-scheduler\\src\\components\\Login.js","statementMap":{"0":{"start":{"line":12,"column":34},"end":{"line":12,"column":46}},"1":{"start":{"line":13,"column":34},"end":{"line":13,"column":46}},"2":{"start":{"line":15,"column":23},"end":{"line":19,"column":3}},"3":{"start":{"line":16,"column":4},"end":{"line":16,"column":23}},"4":{"start":{"line":18,"column":4},"end":{"line":18,"column":22}},"5":{"start":{"line":21,"column":2},"end":{"line":72,"column":4}},"6":{"start":{"line":46,"column":31},"end":{"line":46,"column":58}},"7":{"start":{"line":58,"column":31},"end":{"line":58,"column":58}}},"fnMap":{"0":{"name":"Login","decl":{"start":{"line":11,"column":9},"end":{"line":11,"column":14}},"loc":{"start":{"line":11,"column":28},"end":{"line":73,"column":1}},"line":11},"1":{"name":"(anonymous_1)","decl":{"start":{"line":15,"column":23},"end":{"line":15,"column":24}},"loc":{"start":{"line":15,"column":30},"end":{"line":19,"column":3}},"line":15},"2":{"name":"(anonymous_2)","decl":{"start":{"line":46,"column":24},"end":{"line":46,"column":25}},"loc":{"start":{"line":46,"column":31},"end":{"line":46,"column":58}},"line":46},"3":{"name":"(anonymous_3)","decl":{"start":{"line":58,"column":24},"end":{"line":58,"column":25}},"loc":{"start":{"line":58,"column":31},"end":{"line":58,"column":58}},"line":58}},"branchMap":{},"s":{"0":9,"1":9,"2":9,"3":2,"4":2,"5":9,"6":2,"7":1},"f":{"0":9,"1":2,"2":2,"3":1},"b":{},"_coverageSchema":"1a1c01bbd47fc00a2c39e90264f33305004495a9","hash":"373483dcc7b4cf9745d5dbc4bd7387bf1201dcb7"}
,"C:\\Users\\PC\\Desktop\\group2\\PROJECT-Task-scheduler\\src\\components\\TaskDashboard.js": {"path":"C:\\Users\\PC\\Desktop\\group2\\PROJECT-Task-scheduler\\src\\components\\TaskDashboard.js","statementMap":{"0":{"start":{"line":26,"column":34},"end":{"line":31,"column":2}},"1":{"start":{"line":26,"column":41},"end":{"line":31,"column":1}},"2":{"start":{"line":34,"column":28},"end":{"line":34,"column":40}},"3":{"start":{"line":35,"column":32},"end":{"line":35,"column":44}},"4":{"start":{"line":36,"column":34},"end":{"line":36,"column":48}},"5":{"start":{"line":37,"column":38},"end":{"line":37,"column":53}},"6":{"start":{"line":39,"column":24},"end":{"line":44,"column":3}},"7":{"start":{"line":40,"column":4},"end":{"line":43,"column":5}},"8":{"start":{"line":41,"column":6},"end":{"line":41,"column":80}},"9":{"start":{"line":42,"column":6},"end":{"line":42,"column":21}},"10":{"start":{"line":46,"column":27},"end":{"line":48,"column":3}},"11":{"start":{"line":47,"column":4},"end":{"line":47,"column":57}},"12":{"start":{"line":47,"column":36},"end":{"line":47,"column":54}},"13":{"start":{"line":50,"column":26},"end":{"line":56,"column":3}},"14":{"start":{"line":51,"column":23},"end":{"line":51,"column":58}},"15":{"start":{"line":51,"column":41},"end":{"line":51,"column":57}},"16":{"start":{"line":52,"column":4},"end":{"line":55,"column":5}},"17":{"start":{"line":53,"column":6},"end":{"line":53,"column":30}},"18":{"start":{"line":54,"column":6},"end":{"line":54,"column":26}},"19":{"start":{"line":58,"column":25},"end":{"line":66,"column":3}},"20":{"start":{"line":59,"column":4},"end":{"line":63,"column":6}},"21":{"start":{"line":61,"column":8},"end":{"line":61,"column":73}},"22":{"start":{"line":64,"column":4},"end":{"line":64,"column":25}},"23":{"start":{"line":65,"column":4},"end":{"line":65,"column":22}},"24":{"start":{"line":68,"column":2},"end":{"line":147,"column":4}},"25":{"start":{"line":81,"column":31},"end":{"line":81,"column":57}},"26":{"start":{"line":82,"column":33},"end":{"line":82,"column":69}},"27":{"start":{"line":97,"column":14},"end":{"line":115,"column":25}},"28":{"start":{"line":103,"column":35},"end":{"line":103,"column":56}},"29":{"start":{"line":110,"column":35},"end":{"line":110,"column":60}},"30":{"start":{"line":122,"column":25},"end":{"line":122,"column":42}},"31":{"start":{"line":123,"column":33},"end":{"line":123,"column":50}},"32":{"start":{"line":136,"column":16},"end":{"line":136,"column":66}},"33":{"start":{"line":141,"column":35},"end":{"line":141,"column":52}}},"fnMap":{"0":{"name":"(anonymous_0)","decl":{"start":{"line":26,"column":34},"end":{"line":26,"column":35}},"loc":{"start":{"line":26,"column":41},"end":{"line":31,"column":1}},"line":26},"1":{"name":"TaskDashboard","decl":{"start":{"line":33,"column":9},"end":{"line":33,"column":22}},"loc":{"start":{"line":33,"column":25},"end":{"line":148,"column":1}},"line":33},"2":{"name":"(anonymous_2)","decl":{"start":{"line":39,"column":24},"end":{"line":39,"column":25}},"loc":{"start":{"line":39,"column":30},"end":{"line":44,"column":3}},"line":39},"3":{"name":"(anonymous_3)","decl":{"start":{"line":46,"column":27},"end":{"line":46,"column":28}},"loc":{"start":{"line":46,"column":39},"end":{"line":48,"column":3}},"line":46},"4":{"name":"(anonymous_4)","decl":{"start":{"line":47,"column":26},"end":{"line":47,"column":27}},"loc":{"start":{"line":47,"column":36},"end":{"line":47,"column":54}},"line":47},"5":{"name":"(anonymous_5)","decl":{"start":{"line":50,"column":26},"end":{"line":50,"column":27}},"loc":{"start":{"line":50,"column":36},"end":{"line":56,"column":3}},"line":50},"6":{"name":"(anonymous_6)","decl":{"start":{"line":51,"column":34},"end":{"line":51,"column":35}},"loc":{"start":{"line":51,"column":41},"end":{"line":51,"column":57}},"line":51},"7":{"name":"(anonymous_7)","decl":{"start":{"line":58,"column":25},"end":{"line":58,"column":26}},"loc":{"start":{"line":58,"column":31},"end":{"line":66,"column":3}},"line":58},"8":{"name":"(anonymous_8)","decl":{"start":{"line":60,"column":16},"end":{"line":60,"column":17}},"loc":{"start":{"line":61,"column":8},"end":{"line":61,"column":73}},"line":61},"9":{"name":"(anonymous_9)","decl":{"start":{"line":81,"column":24},"end":{"line":81,"column":25}},"loc":{"start":{"line":81,"column":31},"end":{"line":81,"column":57}},"line":81},"10":{"name":"(anonymous_10)","decl":{"start":{"line":82,"column":26},"end":{"line":82,"column":27}},"loc":{"start":{"line":82,"column":33},"end":{"line":82,"column":69}},"line":82},"11":{"name":"(anonymous_11)","decl":{"start":{"line":96,"column":23},"end":{"line":96,"column":24}},"loc":{"start":{"line":97,"column":14},"end":{"line":115,"column":25}},"line":97},"12":{"name":"(anonymous_12)","decl":{"start":{"line":103,"column":29},"end":{"line":103,"column":30}},"loc":{"start":{"line":103,"column":35},"end":{"line":103,"column":56}},"line":103},"13":{"name":"(anonymous_13)","decl":{"start":{"line":110,"column":29},"end":{"line":110,"column":30}},"loc":{"start":{"line":110,"column":35},"end":{"line":110,"column":60}},"line":110},"14":{"name":"(anonymous_14)","decl":{"start":{"line":122,"column":19},"end":{"line":122,"column":20}},"loc":{"start":{"line":122,"column":25},"end":{"line":122,"column":42}},"line":122},"15":{"name":"(anonymous_15)","decl":{"start":{"line":123,"column":27},"end":{"line":123,"column":28}},"loc":{"start":{"line":123,"column":33},"end":{"line":123,"column":50}},"line":123},"16":{"name":"(anonymous_16)","decl":{"start":{"line":135,"column":24},"end":{"line":135,"column":25}},"loc":{"start":{"line":136,"column":16},"end":{"line":136,"column":66}},"line":136},"17":{"name":"(anonymous_17)","decl":{"start":{"line":141,"column":29},"end":{"line":141,"column":30}},"loc":{"start":{"line":141,"column":35},"end":{"line":141,"column":52}},"line":141}},"branchMap":{"0":{"loc":{"start":{"line":40,"column":4},"end":{"line":43,"column":5}},"type":"if","locations":[{"start":{"line":40,"column":4},"end":{"line":43,"column":5}},{"start":{},"end":{}}],"line":40},"1":{"loc":{"start":{"line":52,"column":4},"end":{"line":55,"column":5}},"type":"if","locations":[{"start":{"line":52,"column":4},"end":{"line":55,"column":5}},{"start":{},"end":{}}],"line":52},"2":{"loc":{"start":{"line":61,"column":8},"end":{"line":61,"column":73}},"type":"cond-expr","locations":[{"start":{"line":61,"column":34},"end":{"line":61,"column":66}},{"start":{"line":61,"column":69},"end":{"line":61,"column":73}}],"line":61},"3":{"loc":{"start":{"line":82,"column":33},"end":{"line":82,"column":69}},"type":"binary-expr","locations":[{"start":{"line":82,"column":33},"end":{"line":82,"column":50}},{"start":{"line":82,"column":54},"end":{"line":82,"column":69}}],"line":82},"4":{"loc":{"start":{"line":134,"column":21},"end":{"line":134,"column":50}},"type":"cond-expr","locations":[{"start":{"line":134,"column":32},"end":{"line":134,"column":45}},{"start":{"line":134,"column":48},"end":{"line":134,"column":50}}],"line":134}},"s":{"0":2,"1":0,"2":35,"3":35,"4":35,"5":35,"6":35,"7":8,"8":7,"9":7,"10":35,"11":1,"12":1,"13":35,"14":5,"15":5,"16":5,"17":5,"18":5,"19":35,"20":1,"21":1,"22":1,"23":1,"24":35,"25":8,"26":2,"27":15,"28":5,"29":1,"30":1,"31":0,"32":1,"33":1},"f":{"0":0,"1":35,"2":8,"3":1,"4":1,"5":5,"6":5,"7":1,"8":1,"9":8,"10":2,"11":15,"12":5,"13":1,"14":1,"15":0,"16":1,"17":1},"b":{"0":[7,1],"1":[5,0],"2":[1,0],"3":[2,1],"4":[5,30]},"_coverageSchema":"1a1c01bbd47fc00a2c39e90264f33305004495a9","hash":"566d6514a9d4b927e81bf3499521b33abba899c1"}
}
