TN:
SF:src\App.js
FN:18,App
FN:21,(anonymous_1)
FNF:2
FNH:2
FNDA:4,App
FNDA:1,(anonymous_1)
DA:7,1
DA:19,4
DA:21,4
DA:22,1
DA:25,4
LF:5
LH:5
BRDA:32,0,0,3
BRDA:32,0,1,1
BRDA:42,1,0,1
BRDA:42,1,1,3
BRF:4
BRH:4
end_of_record
TN:
SF:src\components\Login.js
FN:11,Login
FN:15,(anonymous_1)
FN:46,(anonymous_2)
FN:58,(anonymous_3)
FNF:4
FNH:4
FNDA:9,Login
FNDA:2,(anonymous_1)
FNDA:2,(anonymous_2)
FNDA:1,(anonymous_3)
DA:12,9
DA:13,9
DA:15,9
DA:16,2
DA:18,2
DA:21,9
DA:46,2
DA:58,1
LF:8
LH:8
BRF:0
BRH:0
end_of_record
TN:
SF:src\components\TaskDashboard.js
FN:26,(anonymous_0)
FN:33,TaskDashboard
FN:39,(anonymous_2)
FN:46,(anonymous_3)
FN:47,(anonymous_4)
FN:50,(anonymous_5)
FN:51,(anonymous_6)
FN:58,(anonymous_7)
FN:60,(anonymous_8)
FN:81,(anonymous_9)
FN:82,(anonymous_10)
FN:96,(anonymous_11)
FN:103,(anonymous_12)
FN:110,(anonymous_13)
FN:122,(anonymous_14)
FN:123,(anonymous_15)
FN:135,(anonymous_16)
FN:141,(anonymous_17)
FNF:18
FNH:16
FNDA:0,(anonymous_0)
FNDA:35,TaskDashboard
FNDA:8,(anonymous_2)
FNDA:1,(anonymous_3)
FNDA:1,(anonymous_4)
FNDA:5,(anonymous_5)
FNDA:5,(anonymous_6)
FNDA:1,(anonymous_7)
FNDA:1,(anonymous_8)
FNDA:8,(anonymous_9)
FNDA:2,(anonymous_10)
FNDA:15,(anonymous_11)
FNDA:5,(anonymous_12)
FNDA:1,(anonymous_13)
FNDA:1,(anonymous_14)
FNDA:0,(anonymous_15)
FNDA:1,(anonymous_16)
FNDA:1,(anonymous_17)
DA:26,2
DA:34,35
DA:35,35
DA:36,35
DA:37,35
DA:39,35
DA:40,8
DA:41,7
DA:42,7
DA:46,35
DA:47,1
DA:50,35
DA:51,5
DA:52,5
DA:53,5
DA:54,5
DA:58,35
DA:59,1
DA:61,1
DA:64,1
DA:65,1
DA:68,35
DA:81,8
DA:82,2
DA:97,15
DA:103,5
DA:110,1
DA:122,1
DA:123,0
DA:136,1
DA:141,1
LF:31
LH:30
BRDA:40,0,0,7
BRDA:40,0,1,1
BRDA:52,1,0,5
BRDA:52,1,1,0
BRDA:61,2,0,1
BRDA:61,2,1,0
BRDA:82,3,0,2
BRDA:82,3,1,1
BRDA:134,4,0,5
BRDA:134,4,1,30
BRF:10
BRH:8
end_of_record
